  pch.cpp
C:\Users\HP\Desktop\git\StaticLib1\framework.h(44,23): error C3861: strlen: идентификатор не найден
C:\Users\HP\Desktop\git\StaticLib1\framework.h(48,37): error C3861: strlen: идентификатор не найден
C:\Users\HP\Desktop\git\StaticLib1\framework.h(55,34): error C3861: strlen: идентификатор не найден
C:\Users\HP\Desktop\git\StaticLib1\framework.h(60,41): error C3861: strlen: идентификатор не найден
C:\Users\HP\Desktop\git\StaticLib1\framework.h(97,23): error C3861: strlen: идентификатор не найден
C:\Users\HP\Desktop\git\StaticLib1\framework.h(101,34): error C3861: strlen: идентификатор не найден
C:\Users\HP\Desktop\git\StaticLib1\framework.h(108,34): error C3861: strlen: идентификатор не найден
C:\Users\HP\Desktop\git\StaticLib1\framework.h(113,41): error C3861: strlen: идентификатор не найден
C:\Users\HP\Desktop\git\StaticLib1\framework.h(167,50): error C2039: "move": не является членом "std".
C:\Users\HP\Desktop\git\StaticLib1\predefined C++ types (compiler internal)(341): message : см. объявление "std"
C:\Users\HP\Desktop\git\StaticLib1\framework.h(167,1): error C3861: move: идентификатор не найден
C:\Users\HP\Desktop\git\StaticLib1\framework.h(178,53): error C2039: "move": не является членом "std".
C:\Users\HP\Desktop\git\StaticLib1\predefined C++ types (compiler internal)(341): message : см. объявление "std"
C:\Users\HP\Desktop\git\StaticLib1\framework.h(178,1): error C3861: move: идентификатор не найден
C:\Users\HP\Desktop\git\StaticLib1\framework.h(210,22): error C3861: strlen: идентификатор не найден
C:\Users\HP\Desktop\git\StaticLib1\framework.h(222,22): error C3861: strlen: идентификатор не найден
C:\Users\HP\Desktop\git\StaticLib1\framework.h(234,17): error C3861: strcmp: идентификатор не найден
C:\Users\HP\Desktop\git\StaticLib1\framework.h(239,17): error C3861: strcmp: идентификатор не найден
C:\Users\HP\Desktop\git\StaticLib1\framework.h(244,23): error C3861: strlen: идентификатор не найден
C:\Users\HP\Desktop\git\StaticLib1\framework.h(248,26): error C3861: strlen: идентификатор не найден
C:\Users\HP\Desktop\git\StaticLib1\framework.h(344,23): warning C4244: инициализация: преобразование "double" в "size_t", возможна потеря данных
C:\Users\HP\Desktop\git\StaticLib1\framework.h(348,23): warning C4244: *=: преобразование "double" в "size_t", возможна потеря данных
C:\Users\HP\Desktop\git\StaticLib1\framework.h(403,34): error C3861: strlen: идентификатор не найден
C:\Users\HP\Desktop\git\StaticLib1\framework.h(407,35): warning C4244: аргумент: преобразование "double" в "size_t", возможна потеря данных
C:\Users\HP\Desktop\git\StaticLib1\framework.h(424,57): warning C4244: аргумент: преобразование "double" в "size_t", возможна потеря данных
C:\Users\HP\Desktop\git\StaticLib1\framework.h(438,1): warning C4267: =: преобразование из "size_t" в "int"; возможна потеря данных
C:\Users\HP\Desktop\git\StaticLib1\framework.h(545,20): error C3861: strlen: идентификатор не найден
